This is pdfTeX, Version 3.141592653-2.6-1.40.25 (MiKTeX 23.10) (preloaded format=pdflatex 2023.10.12)  13 OCT 2023 21:24
entering extended mode
 restricted \write18 enabled.
 file:line:error style messages enabled.
 %&-line parsing enabled.
**d:/Pruebas/Hulk/Informe.tex
(d:/Pruebas/Hulk/Informe.tex
LaTeX2e <2022-11-01> patch level 1
L3 programming layer <2023-03-30> (C:\Users\Kendry\AppData\Local\Programs\MiKTeX\tex/latex/base\article.cls
Document Class: article 2022/07/02 v1.4n Standard LaTeX document class
(C:\Users\Kendry\AppData\Local\Programs\MiKTeX\tex/latex/base\size10.clo
File: size10.clo 2022/07/02 v1.4n Standard LaTeX file (size option)
)
\c@part=\count185
\c@section=\count186
\c@subsection=\count187
\c@subsubsection=\count188
\c@paragraph=\count189
\c@subparagraph=\count190
\c@figure=\count191
\c@table=\count192
\abovecaptionskip=\skip48
\belowcaptionskip=\skip49
\bibindent=\dimen140
) (C:\Users\Kendry\AppData\Local\Programs\MiKTeX\tex/latex/base\inputenc.sty
Package: inputenc 2021/02/14 v1.3d Input encoding file
\inpenc@prehook=\toks16
\inpenc@posthook=\toks17
) (C:\Users\Kendry\AppData\Local\Programs\MiKTeX\tex/latex/listings\listings.sty (C:\Users\Kendry\AppData\Local\Programs\MiKTeX\tex/latex/graphics\keyval.sty
Package: keyval 2022/05/29 v1.15 key=value parser (DPC)
\KV@toks@=\toks18
)
\lst@mode=\count193
\lst@gtempboxa=\box51
\lst@token=\toks19
\lst@length=\count194
\lst@currlwidth=\dimen141
\lst@column=\count195
\lst@pos=\count196
\lst@lostspace=\dimen142
\lst@width=\dimen143
\lst@newlines=\count197
\lst@lineno=\count198
\lst@maxwidth=\dimen144
 (C:\Users\Kendry\AppData\Local\Programs\MiKTeX\tex/latex/listings\lstmisc.sty
File: lstmisc.sty 2023/02/27 1.9 (Carsten Heinz)
\c@lstnumber=\count199
\lst@skipnumbers=\count266
\lst@framebox=\box52
) (C:\Users\Kendry\AppData\Local\Programs\MiKTeX\tex/latex/listings\listings.cfg
File: listings.cfg 2023/02/27 1.9 listings configuration
))
Package: listings 2023/02/27 1.9 (Carsten Heinz)
 (C:\Users\Kendry\AppData\Local\Programs\MiKTeX\tex/latex/xcolor\xcolor.sty
Package: xcolor 2022/06/12 v2.14 LaTeX color extensions (UK)
 (C:\Users\Kendry\AppData\Local\Programs\MiKTeX\tex/latex/graphics-cfg\color.cfg
File: color.cfg 2016/01/02 v1.6 sample color configuration
)
Package xcolor Info: Driver file: pdftex.def on input line 227.
 (C:\Users\Kendry\AppData\Local\Programs\MiKTeX\tex/latex/graphics-def\pdftex.def
File: pdftex.def 2022/09/22 v1.2b Graphics/color driver for pdftex
) (C:\Users\Kendry\AppData\Local\Programs\MiKTeX\tex/latex/graphics\mathcolor.ltx)
Package xcolor Info: Model `cmy' substituted by `cmy0' on input line 1353.
Package xcolor Info: Model `hsb' substituted by `rgb' on input line 1357.
Package xcolor Info: Model `RGB' extended on input line 1369.
Package xcolor Info: Model `HTML' substituted by `rgb' on input line 1371.
Package xcolor Info: Model `Hsb' substituted by `hsb' on input line 1372.
Package xcolor Info: Model `tHsb' substituted by `hsb' on input line 1373.
Package xcolor Info: Model `HSB' substituted by `hsb' on input line 1374.
Package xcolor Info: Model `Gray' substituted by `gray' on input line 1375.
Package xcolor Info: Model `wave' substituted by `hsb' on input line 1376.
) (C:\Users\Kendry\AppData\Local\Programs\MiKTeX\tex/latex/enumitem\enumitem.sty
Package: enumitem 2019/06/20 v3.9 Customized lists
\labelindent=\skip50
\enit@outerparindent=\dimen145
\enit@toks=\toks20
\enit@inbox=\box53
\enit@count@id=\count267
\enitdp@description=\count268
) (C:\Users\Kendry\AppData\Local\Programs\MiKTeX\tex/latex/geometry\geometry.sty
Package: geometry 2020/01/02 v5.9 Page Geometry
 (C:\Users\Kendry\AppData\Local\Programs\MiKTeX\tex/generic/iftex\ifvtex.sty
Package: ifvtex 2019/10/25 v1.7 ifvtex legacy package. Use iftex instead.
 (C:\Users\Kendry\AppData\Local\Programs\MiKTeX\tex/generic/iftex\iftex.sty
Package: iftex 2022/02/03 v1.0f TeX engine tests
))
\Gm@cnth=\count269
\Gm@cntv=\count270
\c@Gm@tempcnt=\count271
\Gm@bindingoffset=\dimen146
\Gm@wd@mp=\dimen147
\Gm@odd@mp=\dimen148
\Gm@even@mp=\dimen149
\Gm@layoutwidth=\dimen150
\Gm@layoutheight=\dimen151
\Gm@layouthoffset=\dimen152
\Gm@layoutvoffset=\dimen153
\Gm@dimlist=\toks21
 (C:\Users\Kendry\AppData\Local\Programs\MiKTeX\tex/latex/geometry\geometry.cfg)) (C:\Users\Kendry\AppData\Local\Programs\MiKTeX\tex/latex/graphics\graphicx.sty
Package: graphicx 2021/09/16 v1.2d Enhanced LaTeX Graphics (DPC,SPQR)
 (C:\Users\Kendry\AppData\Local\Programs\MiKTeX\tex/latex/graphics\graphics.sty
Package: graphics 2022/03/10 v1.4e Standard LaTeX Graphics (DPC,SPQR)
 (C:\Users\Kendry\AppData\Local\Programs\MiKTeX\tex/latex/graphics\trig.sty
Package: trig 2021/08/11 v1.11 sin cos tan (DPC)
) (C:\Users\Kendry\AppData\Local\Programs\MiKTeX\tex/latex/graphics-cfg\graphics.cfg
File: graphics.cfg 2016/06/04 v1.11 sample graphics configuration
)
Package graphics Info: Driver file: pdftex.def on input line 107.
)
\Gin@req@height=\dimen154
\Gin@req@width=\dimen155
) (C:\Users\Kendry\AppData\Local\Programs\MiKTeX\tex/latex/l3backend\l3backend-pdftex.def
File: l3backend-pdftex.def 2023-03-30 L3 backend support: PDF output (pdfTeX)
\l__color_backend_stack_int=\count272
\l__pdf_internal_box=\box54
) (Informe.aux)
\openout1 = `Informe.aux'.

LaTeX Font Info:    Checking defaults for OML/cmm/m/it on input line 37.
LaTeX Font Info:    ... okay on input line 37.
LaTeX Font Info:    Checking defaults for OMS/cmsy/m/n on input line 37.
LaTeX Font Info:    ... okay on input line 37.
LaTeX Font Info:    Checking defaults for OT1/cmr/m/n on input line 37.
LaTeX Font Info:    ... okay on input line 37.
LaTeX Font Info:    Checking defaults for T1/cmr/m/n on input line 37.
LaTeX Font Info:    ... okay on input line 37.
LaTeX Font Info:    Checking defaults for TS1/cmr/m/n on input line 37.
LaTeX Font Info:    ... okay on input line 37.
LaTeX Font Info:    Checking defaults for OMX/cmex/m/n on input line 37.
LaTeX Font Info:    ... okay on input line 37.
LaTeX Font Info:    Checking defaults for U/cmr/m/n on input line 37.
LaTeX Font Info:    ... okay on input line 37.
\c@lstlisting=\count273
 (C:\Users\Kendry\AppData\Local\Programs\MiKTeX\tex/context/base/mkii\supp-pdf.mkii
[Loading MPS to PDF converter (version 2006.09.02).]
\scratchcounter=\count274
\scratchdimen=\dimen156
\scratchbox=\box55
\nofMPsegments=\count275
\nofMParguments=\count276
\everyMPshowfont=\toks22
\MPscratchCnt=\count277
\MPscratchDim=\dimen157
\MPnumerator=\count278
\makeMPintoPDFobject=\count279
\everyMPtoPDFconversion=\toks23
) (C:\Users\Kendry\AppData\Local\Programs\MiKTeX\tex/latex/epstopdf-pkg\epstopdf-base.sty
Package: epstopdf-base 2020-01-24 v2.11 Base part for package epstopdf
Package epstopdf-base Info: Redefining graphics rule for `.eps' on input line 485.
 (C:\Users\Kendry\AppData\Local\Programs\MiKTeX\tex/latex/00miktex\epstopdf-sys.cfg
File: epstopdf-sys.cfg 2021/03/18 v2.0 Configuration of epstopdf for MiKTeX
))
*geometry* driver: auto-detecting
*geometry* detected driver: pdftex
*geometry* verbose mode - [ preamble ] result:
* driver: pdftex
* paper: a4paper
* layout: <same size as paper>
* layoutoffset:(h,v)=(0.0pt,0.0pt)
* modes: 
* h-part:(L,W,R)=(72.26999pt, 452.9679pt, 72.26999pt)
* v-part:(T,H,B)=(72.26999pt, 700.50687pt, 72.26999pt)
* \paperwidth=597.50787pt
* \paperheight=845.04684pt
* \textwidth=452.9679pt
* \textheight=700.50687pt
* \oddsidemargin=0.0pt
* \evensidemargin=0.0pt
* \topmargin=-37.0pt
* \headheight=12.0pt
* \headsep=25.0pt
* \topskip=10.0pt
* \footskip=30.0pt
* \marginparwidth=65.0pt
* \marginparsep=11.0pt
* \columnsep=10.0pt
* \skip\footins=9.0pt plus 4.0pt minus 2.0pt
* \hoffset=0.0pt
* \voffset=0.0pt
* \mag=1000
* \@twocolumnfalse
* \@twosidefalse
* \@mparswitchfalse
* \@reversemarginfalse
* (1in=72.27pt=25.4mm, 1cm=28.453pt)

LaTeX Font Info:    External font `cmex10' loaded for size
(Font)              <12> on input line 39.
LaTeX Font Info:    External font `cmex10' loaded for size
(Font)              <8> on input line 39.
LaTeX Font Info:    External font `cmex10' loaded for size
(Font)              <6> on input line 39.
[1

{C:/Users/Kendry/AppData/Local/MiKTeX/fonts/map/pdftex/pdftex.map}]
Overfull \hbox (4.22217pt too wide) in paragraph at lines 98--99
[][][][][][][][][][][][][][][][][][]\OT1/cmr/m/n/10 : Un dic-cionario
 []


Overfull \hbox (42.80446pt too wide) in paragraph at lines 102--103
[][][][][][][][][][][][][][][][][][][][][][][][][][]\OT1/cmr/m/n/10 :
 []


Overfull \hbox (17.94627pt too wide) in paragraph at lines 110--111
[][][][][][][][][][][][][]\OT1/cmr/m/n/10 : Un m^^Setodo pri-vado que anal-iza y de-vuelve una declaraci^^Son
 []

[2]
Overfull \hbox (12.52855pt too wide) in paragraph at lines 136--137
[][][][][][][][][][][][][][][][][][][][][][][]\OT1/cmr/m/n/10 : Este
 []


Overfull \hbox (13.97295pt too wide) in paragraph at lines 162--163
[][][][][][][][][][][][][][][][][][][][][][][]\OT1/cmr/m/n/10 : Im-
 []

[3]
Overfull \hbox (13.97295pt too wide) in paragraph at lines 175--176
[][][][][][][][][][][][][][][][][][][][][][][]\OT1/cmr/m/n/10 : Im-
 []


Overfull \hbox (13.97295pt too wide) in paragraph at lines 203--204
[][][][][][][][][][][][][][][][][][][][][][][]\OT1/cmr/m/n/10 : Im-
 []

[4]
Overfull \hbox (13.97295pt too wide) in paragraph at lines 216--217
[][][][][][][][][][][][][][][][][][][][][][][]\OT1/cmr/m/n/10 : Im-
 []


Overfull \hbox (7.52925pt too wide) in paragraph at lines 225--226
[][][][][][][][][][][][][][][][][][]\OT1/cmr/m/n/10 : Un con-struc-tor que
 []


Overfull \hbox (13.97295pt too wide) in paragraph at lines 229--230
[][][][][][][][][][][][][][][][][][][][][][][]\OT1/cmr/m/n/10 : Im-
 []


Overfull \hbox (11.30649pt too wide) in paragraph at lines 240--241
[][][][][][][][][][][][][][][][][][][][][][][][]\OT1/cmr/m/n/10 : Un con-
 []

[5]
Overfull \hbox (1.94792pt too wide) in paragraph at lines 253--254
[][][][][][][][][][][][][][]\OT1/cmr/m/n/10 : Un campo que al-ma-cena la rama que se eje-cu-tar^^Sa si la condici^^Son
 []


Overfull \hbox (2.2793pt too wide) in paragraph at lines 255--256
[][][][][][][][][][][][][][][][][][][][][][][]\OT1/cmr/m/n/10 : Un con-struc-tor que
 []


Overfull \hbox (13.97295pt too wide) in paragraph at lines 259--260
[][][][][][][][][][][][][][][][][][][][][][][]\OT1/cmr/m/n/10 : Im-
 []


Overfull \hbox (6.50078pt too wide) in paragraph at lines 272--273
[][][][][][][][][][][][][][][][][][][][][][][][][][]\OT1/cmr/m/n/10 : Un
 []


Overfull \hbox (13.97295pt too wide) in paragraph at lines 276--277
[][][][][][][][][][][][][][][][][][][][][][][]\OT1/cmr/m/n/10 : Im-
 []

[6]
Overfull \hbox (14.6128pt too wide) in paragraph at lines 283--284
[][][][][][][][][][][][][][][][][][][][][][][]\OT1/cmr/m/n/10 : Un con-struc-tor que recibe
 []


Overfull \hbox (13.97295pt too wide) in paragraph at lines 287--288
[][][][][][][][][][][][][][][][][][][][][][][]\OT1/cmr/m/n/10 : Im-
 []


Overfull \hbox (1.5568pt too wide) in paragraph at lines 295--296
[][][][][][][][][][][][][][][][][][][][][][][]\OT1/cmr/m/n/10 : Un con-struc-
 []


Overfull \hbox (3.47304pt too wide) in paragraph at lines 299--300
[][][][][][][][][][][][][][][][][][][][][][][]\OT1/cmr/m/n/10 : Im-
 []

[7]
Overfull \hbox (102.89143pt too wide) in paragraph at lines 320--321
[][][]\OT1/cmr/m/n/10 :Este m^^Setodo comienza mostrando un dise~no est^^Setico en la con-sola me-di-ante la lla-mada a [][][][][][].
 []


Overfull \hbox (188.55621pt too wide) in paragraph at lines 322--323
[][]\OT1/cmr/m/n/10 Variables lo-cales[]: En este m^^Setodo se declara una vari-able [][][][][] de tipo [][][][][][][][][][][]
 []


Overfull \hbox (4.23053pt too wide) in paragraph at lines 329--330
[][]\OT1/cmr/m/n/10 Entrada de usuario[]: Lee la en-trada del usuario desde la con-sola me-di-ante [][][][][][][][]
 []

[8] (Informe.aux) ) 
Here is how much of TeX's memory you used:
 4509 strings out of 476331
 68072 string characters out of 5787292
 1869660 words of memory out of 5000000
 24939 multiletter control sequences out of 15000+600000
 516738 words of font info for 47 fonts, out of 8000000 for 9000
 1141 hyphenation exceptions out of 8191
 57i,6n,62p,577b,1348s stack positions out of 10000i,1000n,20000p,200000b,200000s
 <C:\Users\Kendry\AppData\Local\MiKTeX\fonts/pk/ljfour/jknappen/ec/dpi600\tcrm1000.pk><C:/Users/Kendry/AppData/Local/Programs/MiKTeX/fonts/type1/public/amsfonts/cm/cmbx10.pfb><C:/Users/Kendry/AppData/Local/Programs/MiKTeX/fonts/type1/public/amsfonts/cm/cmbx12.pfb><C:/Users/Kendry/AppData/Local/Programs/MiKTeX/fonts/type1/public/amsfonts/cm/cmr10.pfb><C:/Users/Kendry/AppData/Local/Programs/MiKTeX/fonts/type1/public/amsfonts/cm/cmr12.pfb><C:/Users/Kendry/AppData/Local/Programs/MiKTeX/fonts/type1/public/amsfonts/cm/cmr17.pfb><C:/Users/Kendry/AppData/Local/Programs/MiKTeX/fonts/type1/public/amsfonts/cm/cmtt10.pfb>
Output written on Informe.pdf (8 pages, 126127 bytes).
PDF statistics:
 65 PDF objects out of 1000 (max. 8388607)
 0 named destinations out of 1000 (max. 500000)
 1 words of extra memory for PDF output out of 10000 (max. 10000000)

